[INFO] 22:15:30:911 logger.tp0/(5826:5826): Hola soy un log
[INFO] 02:55:44:995 logger.tp0/(7894:7894): Hola soy un log
[INFO] 03:00:06:030 logger.tp0/(8152:8152): Û˙ATSHÅÏ∏
[INFO] 03:11:27:226 logger.tp0/(11599:11599): hola soy una consola
[INFO] 03:15:23:690 logger.tp0/(11764:11764): hola soy una consola
[INFO] 03:15:23:690 logger.tp0/(11764:11764): LUI LA IP 127.0.0.1 Y PUERTO 4444

[INFO] 03:27:44:914 logger.tp0/(12002:12002): hola soy una consola
[INFO] 03:27:44:915 logger.tp0/(12002:12002): LEI LA IP 127.0.0.1 Y PUERTO 4444

[INFO] 16:25:58:763 logger.tp0/(2141:2141): hola soy una consola
[INFO] 16:25:58:774 logger.tp0/(2141:2141): LEI LA IP 127.0.0.1 Y PUERTO 4444

[INFO] 16:35:22:262 logger.tp0/(2422:2422): hola soy una consola
[INFO] 16:35:22:262 logger.tp0/(2422:2422): LEI LA IP 127.0.0.1 Y PUERTO 4444

[INFO] 16:35:29:005 logger.tp0/(2422:2422): puto
[INFO] 16:35:32:433 logger.tp0/(2422:2422): hola
[INFO] 16:35:35:922 logger.tp0/(2422:2422): caca
[INFO] 23:27:56:367 logger.tp0/(3111:3111): hola soy una consola
[INFO] 23:27:56:368 logger.tp0/(3111:3111): LEI LA IP 127.0.0.1 Y PUERTO 4444

[INFO] 23:27:59:770 logger.tp0/(3111:3111): hola
[INFO] 23:28:02:975 logger.tp0/(3111:3111): como estas
[INFO] 23:28:06:488 logger.tp0/(3111:3111): estoy proinabndo
[INFO] 23:28:09:238 logger.tp0/(3111:3111): probanmdoooo
[INFO] 23:48:16:024 logger.tp0/(3584:3584): hola soy una consola
[INFO] 23:48:16:024 logger.tp0/(3584:3584): LEI LA IP 127.0.0.1 Y PUERTO 4444

[INFO] 23:48:24:007 logger.tp0/(3584:3584): ffg
[INFO] 23:58:20:667 logger.tp0/(3837:3837): hola soy una consola
[INFO] 23:58:20:667 logger.tp0/(3837:3837): LEI LA IP 127.0.0.1 Y PUERTO 4444

[INFO] 23:58:25:784 logger.tp0/(3837:3837): hola
[INFO] 23:58:27:934 logger.tp0/(3837:3837): chia
[INFO] 00:07:28:492 logger.tp0/(4428:4428): hola soy una consola
[INFO] 00:07:28:492 logger.tp0/(4428:4428): LEI LA IP 127.0.0.1 Y PUERTO 4444

[INFO] 00:09:18:981 logger.tp0/(4734:4734): hola soy una consola
[INFO] 00:09:18:981 logger.tp0/(4734:4734): LEI LA IP 127.0.0.1 Y PUERTO 4444

[INFO] 00:09:25:892 logger.tp0/(4734:4734): pruena
[INFO] 00:09:28:084 logger.tp0/(4734:4734): hola
[INFO] 01:51:22:544 logger.tp0/(5344:5344): hola soy una consola
[INFO] 01:51:22:544 logger.tp0/(5344:5344): LEI LA IP 127.0.0.1 Y PUERTO 4444

[INFO] 01:51:29:704 logger.tp0/(5344:5344): hola
[INFO] 01:51:35:522 logger.tp0/(5344:5344): como estas servidor
[INFO] 01:51:58:992 logger.tp0/(5681:5681): hola soy una consola
[INFO] 01:51:58:992 logger.tp0/(5681:5681): LEI LA IP 127.0.0.1 Y PUERTO 4444

[INFO] 01:52:05:176 logger.tp0/(5681:5681): hola
[INFO] 01:54:16:855 logger.tp0/(5996:5996): hola soy una consola
[INFO] 01:54:16:855 logger.tp0/(5996:5996): LEI LA IP 127.0.0.1 Y PUERTO 4444

[INFO] 01:54:22:423 logger.tp0/(5996:5996): hhola
[INFO] 01:54:25:292 logger.tp0/(5996:5996): como estas
[INFO] 01:54:28:075 logger.tp0/(5996:5996): fin
[INFO] 01:55:46:951 logger.tp0/(6316:6316): hola soy una consola
[INFO] 01:55:46:951 logger.tp0/(6316:6316): LEI LA IP 127.0.0.1 Y PUERTO 4444

[INFO] 01:55:50:216 logger.tp0/(6316:6316): HOLA MALE
[INFO] 01:55:52:602 logger.tp0/(6316:6316): COMO ESTAS
[INFO] 01:55:54:171 logger.tp0/(6316:6316): CHAU
[INFO] 02:20:48:102 logger.tp0/(2291:2291): hola soy una consola
[INFO] 02:20:48:103 logger.tp0/(2291:2291): LEI LA IP 127.0.0.1 Y PUERTO 4444

[INFO] 02:20:55:618 logger.tp0/(2291:2291): HOla lauty
[INFO] 02:21:32:345 logger.tp0/(2624:2624): hola soy una consola
[INFO] 02:21:32:346 logger.tp0/(2624:2624): LEI LA IP 127.0.0.1 Y PUERTO 4444

[INFO] 02:21:37:512 logger.tp0/(2624:2624): hola
[INFO] 02:21:39:552 logger.tp0/(2624:2624): chau
[INFO] 02:52:05:531 logger.tp0/(3755:3755): hola soy una consola
[INFO] 02:52:05:531 logger.tp0/(3755:3755): LEI LA IP 127.0.0.1 Y PUERTO 4444

[INFO] 02:52:21:214 logger.tp0/(3959:3959): hola soy una consola
[INFO] 02:52:21:214 logger.tp0/(3959:3959): LEI LA IP 127.0.0.1 Y PUERTO 4444

[INFO] 02:52:25:534 logger.tp0/(3959:3959): hola soy
[INFO] 02:52:28:797 logger.tp0/(3959:3959): un paquete
[INFO] 02:52:34:700 logger.tp0/(3959:3959): goordo
[INFO] 02:55:23:327 logger.tp0/(4502:4502): hola soy una consola
[INFO] 02:55:23:327 logger.tp0/(4502:4502): LEI LA IP 127.0.0.1 Y PUERTO 4444

[INFO] 02:55:29:166 logger.tp0/(4502:4502): Hola gordo
[INFO] 02:55:32:412 logger.tp0/(4502:4502): chua
[INFO] 02:55:34:388 logger.tp0/(4502:4502): ha
[INFO] 02:55:35:256 logger.tp0/(4502:4502): ja
[INFO] 02:55:37:025 logger.tp0/(4502:4502): 333
[INFO] 11:50:33:051 logger.tp0/(2264:2264): hola soy una consola
[INFO] 11:50:33:053 logger.tp0/(2264:2264): LEI LA IP 127.0.0.1 Y PUERTO 4444

[INFO] 11:50:40:895 logger.tp0/(2264:2264): gabo putote
[INFO] 11:50:47:618 logger.tp0/(2264:2264): rama comeme los dos huevos
[INFO] 11:51:42:446 logger.tp0/(2635:2635): hola soy una consola
[INFO] 11:51:42:446 logger.tp0/(2635:2635): LEI LA IP 127.0.0.1 Y PUERTO 4444

[INFO] 11:51:49:692 logger.tp0/(2635:2635): hola
[INFO] 11:51:51:701 logger.tp0/(2635:2635): nashe
[INFO] 18:38:35:392 logger.tp0/(4775:4775): hola soy una consola
[INFO] 18:38:35:430 logger.tp0/(4775:4775): LEI LA IP 127.0.0.1 Y PUERTO 4444

[INFO] 18:39:21:285 logger.tp0/(4775:4775): hola anti
[INFO] 18:39:24:668 logger.tp0/(4775:4775): santi gay
[INFO] 18:39:27:394 logger.tp0/(4775:4775): santi puto
[INFO] 18:39:31:436 logger.tp0/(4775:4775): juli la come
